<?xml version="1.0" encoding="UTF-8"?>
<testng-results skipped="0" failed="0" ignored="0" total="0" passed="0">
  <reporter-output>
  </reporter-output>
  <suite name="com.impact.spellcheck.spellcheck.TesterStuff" duration-ms="6" started-at="2018-02-16T17:29:30Z" finished-at="2018-02-16T17:29:30Z">
    <groups>
    </groups>
    <test name="Command line test" duration-ms="6" started-at="2018-02-16T17:29:30Z" finished-at="2018-02-16T17:29:30Z">
    </test> <!-- Command line test -->
  </suite> <!-- com.impact.spellcheck.spellcheck.TesterStuff -->
</testng-results>
